<?xml version="1.0" encoding="UTF-8"?>
<coverage generated="1674093771274" clover="3.2.0">
  <project timestamp="1674093771274" name="All files">
    <metrics statements="11" coveredstatements="10" conditionals="2" coveredconditionals="0" methods="6" coveredmethods="5" elements="19" coveredelements="15" complexity="0" loc="11" ncloc="11" packages="1" files="2" classes="2"/>
    <file name="bank.js" path="C:\Users\Eduardo\Desktop\NodeProjects\testsComJest\models\bank.js">
      <metrics statements="7" coveredstatements="6" conditionals="2" coveredconditionals="0" methods="5" coveredmethods="4"/>
      <line num="4" count="10" type="stmt"/>
      <line num="5" count="10" type="stmt"/>
      <line num="6" count="10" type="stmt"/>
      <line num="10" count="1" type="stmt"/>
      <line num="14" count="1" type="stmt"/>
      <line num="18" count="1" type="stmt"/>
      <line num="22" count="0" type="cond" truecount="0" falsecount="2"/>
    </file>
    <file name="person.js" path="C:\Users\Eduardo\Desktop\NodeProjects\testsComJest\models\person.js">
      <metrics statements="4" coveredstatements="4" conditionals="0" coveredconditionals="0" methods="1" coveredmethods="1"/>
      <line num="4" count="5" type="stmt"/>
      <line num="5" count="5" type="stmt"/>
      <line num="6" count="5" type="stmt"/>
      <line num="7" count="5" type="stmt"/>
    </file>
  </project>
</coverage>
