{"C:\\Users\\Eduardo\\Desktop\\NodeProjects\\testsComJest\\models\\bank.js": {"path":"C:\\Users\\Eduardo\\Desktop\\NodeProjects\\testsComJest\\models\\bank.js","statementMap":{"0":{"start":{"line":4,"column":4},"end":{"line":4,"column":20}},"1":{"start":{"line":5,"column":4},"end":{"line":5,"column":20}},"2":{"start":{"line":6,"column":4},"end":{"line":6,"column":26}},"3":{"start":{"line":10,"column":4},"end":{"line":10,"column":25}},"4":{"start":{"line":14,"column":4},"end":{"line":14,"column":25}},"5":{"start":{"line":18,"column":4},"end":{"line":18,"column":21}},"6":{"start":{"line":22,"column":4},"end":{"line":22,"column":51}}},"fnMap":{"0":{"name":"(anonymous_0)","decl":{"start":{"line":3,"column":2},"end":{"line":3,"column":3}},"loc":{"start":{"line":3,"column":30},"end":{"line":7,"column":3}},"line":3},"1":{"name":"(anonymous_1)","decl":{"start":{"line":9,"column":2},"end":{"line":9,"column":3}},"loc":{"start":{"line":9,"column":23},"end":{"line":11,"column":3}},"line":9},"2":{"name":"(anonymous_2)","decl":{"start":{"line":13,"column":2},"end":{"line":13,"column":3}},"loc":{"start":{"line":13,"column":24},"end":{"line":15,"column":3}},"line":13},"3":{"name":"(anonymous_3)","decl":{"start":{"line":17,"column":2},"end":{"line":17,"column":3}},"loc":{"start":{"line":17,"column":21},"end":{"line":19,"column":3}},"line":17},"4":{"name":"(anonymous_4)","decl":{"start":{"line":21,"column":2},"end":{"line":21,"column":3}},"loc":{"start":{"line":21,"column":21},"end":{"line":23,"column":3}},"line":21}},"branchMap":{"0":{"loc":{"start":{"line":22,"column":11},"end":{"line":22,"column":51}},"type":"binary-expr","locations":[{"start":{"line":22,"column":11},"end":{"line":22,"column":26}},{"start":{"line":22,"column":30},"end":{"line":22,"column":51}}],"line":22}},"s":{"0":10,"1":10,"2":10,"3":1,"4":1,"5":1,"6":0},"f":{"0":10,"1":1,"2":1,"3":1,"4":0},"b":{"0":[0,0]},"_coverageSchema":"1a1c01bbd47fc00a2c39e90264f33305004495a9","hash":"d2d7ab04dd9d6fbf7a10d067a57ef91af490a2fa"}
,"C:\\Users\\Eduardo\\Desktop\\NodeProjects\\testsComJest\\models\\person.js": {"path":"C:\\Users\\Eduardo\\Desktop\\NodeProjects\\testsComJest\\models\\person.js","statementMap":{"0":{"start":{"line":4,"column":4},"end":{"line":4,"column":20}},"1":{"start":{"line":5,"column":4},"end":{"line":5,"column":20}},"2":{"start":{"line":6,"column":4},"end":{"line":6,"column":22}},"3":{"start":{"line":7,"column":4},"end":{"line":7,"column":22}}},"fnMap":{"0":{"name":"(anonymous_0)","decl":{"start":{"line":3,"column":2},"end":{"line":3,"column":3}},"loc":{"start":{"line":3,"column":35},"end":{"line":8,"column":3}},"line":3}},"branchMap":{},"s":{"0":5,"1":5,"2":5,"3":5},"f":{"0":5},"b":{},"_coverageSchema":"1a1c01bbd47fc00a2c39e90264f33305004495a9","hash":"2c2bc318e2cd88b44dd36aa74672992277ac78a4"}
}
